# JRE version: Java(TM) SE Runtime Environment (8.0_112-b15) (build 1.8.0_112-b15)
# Java VM: Java HotSpot(TM) 64-Bit Server VM (25.112-b15 mixed mode windows-amd64 compressed oops)
Heap:
 PSYoungGen      total 56832K, used 12184K [0x00000007bc400000, 0x00000007c0000000, 0x00000007c0000000)
  eden space 52224K, 18% used [0x00000007bc400000,0x00000007bcd47828,0x00000007bf700000)
  from space 4608K, 58% used [0x00000007bf700000,0x00000007bf99ea28,0x00000007bfb80000)
  to   space 4608K, 0% used [0x00000007bfb80000,0x00000007bfb80000,0x00000007c0000000)
 ParOldGen       total 241152K, used 54104K [0x0000000700000000, 0x000000070eb80000, 0x00000007bc400000)
  object space 241152K, 22% used [0x0000000700000000,0x00000007034d6220,0x000000070eb80000)
 Metaspace       used 72213K, capacity 72885K, committed 73560K, reserved 1112064K
  class space    used 9831K, capacity 9981K, committed 10112K, reserved 1048576K
GC Heap History (10 events):
Event: 9901.457 GC heap before
{Heap before GC invocations=469 (full 12):
 PSYoungGen      total 56832K, used 54824K [0x00000007bc400000, 0x00000007c0000000, 0x00000007c0000000)
  eden space 52224K, 100% used [0x00000007bc400000,0x00000007bf700000,0x00000007bf700000)
  from space 4608K, 56% used [0x00000007bfb80000,0x00000007bfe0a360,0x00000007c0000000)
  to   space 4608K, 0% used [0x00000007bf700000,0x00000007bf700000,0x00000007bfb80000)
 ParOldGen       total 241152K, used 54032K [0x0000000700000000, 0x000000070eb80000, 0x00000007bc400000)
  object space 241152K, 22% used [0x0000000700000000,0x00000007034c4220,0x000000070eb80000)
 Metaspace       used 72193K, capacity 72885K, committed 73560K, reserved 1112064K
  class space    used 9831K, capacity 9981K, committed 10112K, reserved 1048576K
Event: 9901.461 GC heap after
Heap after GC invocations=469 (full 12):
 PSYoungGen      total 56832K, used 2554K [0x00000007bc400000, 0x00000007c0000000, 0x00000007c0000000)
  eden space 52224K, 0% used [0x00000007bc400000,0x00000007bc400000,0x00000007bf700000)
  from space 4608K, 55% used [0x00000007bf700000,0x00000007bf97ea28,0x00000007bfb80000)
  to   space 4608K, 0% used [0x00000007bfb80000,0x00000007bfb80000,0x00000007c0000000)
 ParOldGen       total 241152K, used 54032K [0x0000000700000000, 0x000000070eb80000, 0x00000007bc400000)
  object space 241152K, 22% used [0x0000000700000000,0x00000007034c4220,0x000000070eb80000)
 Metaspace       used 72193K, capacity 72885K, committed 73560K, reserved 1112064K
  class space    used 9831K, capacity 9981K, committed 10112K, reserved 1048576K
}
Event: 9905.040 GC heap before
{Heap before GC invocations=470 (full 12):
 PSYoungGen      total 56832K, used 54778K [0x00000007bc400000, 0x00000007c0000000, 0x00000007c0000000)
  eden space 52224K, 100% used [0x00000007bc400000,0x00000007bf700000,0x00000007bf700000)
  from space 4608K, 55% used [0x00000007bf700000,0x00000007bf97ea28,0x00000007bfb80000)
  to   space 4608K, 0% used [0x00000007bfb80000,0x00000007bfb80000,0x00000007c0000000)
 ParOldGen       total 241152K, used 54032K [0x0000000700000000, 0x000000070eb80000, 0x00000007bc400000)
  object space 241152K, 22% used [0x0000000700000000,0x00000007034c4220,0x000000070eb80000)
 Metaspace       used 72194K, capacity 72885K, committed 73560K, reserved 1112064K
  class space    used 9831K, capacity 9981K, committed 10112K, reserved 1048576K
Event: 9905.044 GC heap after
Heap after GC invocations=470 (full 12):
 PSYoungGen      total 57344K, used 2586K [0x00000007bc400000, 0x00000007c0000000, 0x00000007c0000000)
  eden space 52736K, 0% used [0x00000007bc400000,0x00000007bc400000,0x00000007bf780000)
  from space 4608K, 56% used [0x00000007bfb80000,0x00000007bfe06a28,0x00000007c0000000)
  to   space 4096K, 0% used [0x00000007bf780000,0x00000007bf780000,0x00000007bfb80000)
 ParOldGen       total 241152K, used 54032K [0x0000000700000000, 0x000000070eb80000, 0x00000007bc400000)
  object space 241152K, 22% used [0x0000000700000000,0x00000007034c4220,0x000000070eb80000)
 Metaspace       used 72194K, capacity 72885K, committed 73560K, reserved 1112064K
  class space    used 9831K, capacity 9981K, committed 10112K, reserved 1048576K
}
Event: 9909.604 GC heap before
{Heap before GC invocations=471 (full 12):
 PSYoungGen      total 57344K, used 55322K [0x00000007bc400000, 0x00000007c0000000, 0x00000007c0000000)
  eden space 52736K, 100% used [0x00000007bc400000,0x00000007bf780000,0x00000007bf780000)
  from space 4608K, 56% used [0x00000007bfb80000,0x00000007bfe06a28,0x00000007c0000000)
  to   space 4096K, 0% used [0x00000007bf780000,0x00000007bf780000,0x00000007bfb80000)
 ParOldGen       total 241152K, used 54032K [0x0000000700000000, 0x000000070eb80000, 0x00000007bc400000)
  object space 241152K, 22% used [0x0000000700000000,0x00000007034c4220,0x000000070eb80000)
 Metaspace       used 72202K, capacity 72885K, committed 73560K, reserved 1112064K
  class space    used 9831K, capacity 9981K, committed 10112K, reserved 1048576K
Event: 9909.608 GC heap after
Heap after GC invocations=471 (full 12):
 PSYoungGen      total 56832K, used 2938K [0x00000007bc400000, 0x00000007c0000000, 0x00000007c0000000)
  eden space 52736K, 0% used [0x00000007bc400000,0x00000007bc400000,0x00000007bf780000)
  from space 4096K, 71% used [0x00000007bf780000,0x00000007bfa5ea28,0x00000007bfb80000)
  to   space 4608K, 0% used [0x00000007bfb80000,0x00000007bfb80000,0x00000007c0000000)
 ParOldGen       total 241152K, used 54032K [0x0000000700000000, 0x000000070eb80000, 0x00000007bc400000)
  object space 241152K, 22% used [0x0000000700000000,0x00000007034c4220,0x000000070eb80000)
 Metaspace       used 72202K, capacity 72885K, committed 73560K, reserved 1112064K
  class space    used 9831K, capacity 9981K, committed 10112K, reserved 1048576K
}
Event: 9913.616 GC heap before
{Heap before GC invocations=472 (full 12):
 PSYoungGen      total 56832K, used 55674K [0x00000007bc400000, 0x00000007c0000000, 0x00000007c0000000)
  eden space 52736K, 100% used [0x00000007bc400000,0x00000007bf780000,0x00000007bf780000)
  from space 4096K, 71% used [0x00000007bf780000,0x00000007bfa5ea28,0x00000007bfb80000)
  to   space 4608K, 0% used [0x00000007bfb80000,0x00000007bfb80000,0x00000007c0000000)
 ParOldGen       total 241152K, used 54032K [0x0000000700000000, 0x000000070eb80000, 0x00000007bc400000)
  object space 241152K, 22% used [0x0000000700000000,0x00000007034c4220,0x000000070eb80000)
 Metaspace       used 72205K, capacity 72885K, committed 73560K, reserved 1112064K
  class space    used 9831K, capacity 9981K, committed 10112K, reserved 1048576K
Event: 9913.620 GC heap after
Heap after GC invocations=472 (full 12):
 PSYoungGen      total 56832K, used 2810K [0x00000007bc400000, 0x00000007c0000000, 0x00000007c0000000)
  eden space 52224K, 0% used [0x00000007bc400000,0x00000007bc400000,0x00000007bf700000)
  from space 4608K, 60% used [0x00000007bfb80000,0x00000007bfe3ea28,0x00000007c0000000)
  to   space 4608K, 0% used [0x00000007bf700000,0x00000007bf700000,0x00000007bfb80000)
 ParOldGen       total 241152K, used 54104K [0x0000000700000000, 0x000000070eb80000, 0x00000007bc400000)
  object space 241152K, 22% used [0x0000000700000000,0x00000007034d6220,0x000000070eb80000)
 Metaspace       used 72205K, capacity 72885K, committed 73560K, reserved 1112064K
  class space    used 9831K, capacity 9981K, committed 10112K, reserved 1048576K
}
Event: 9914.007 GC heap before
{Heap before GC invocations=473 (full 12):
 PSYoungGen      total 56832K, used 55034K [0x00000007bc400000, 0x00000007c0000000, 0x00000007c0000000)
  eden space 52224K, 100% used [0x00000007bc400000,0x00000007bf700000,0x00000007bf700000)
  from space 4608K, 60% used [0x00000007bfb80000,0x00000007bfe3ea28,0x00000007c0000000)
  to   space 4608K, 0% used [0x00000007bf700000,0x00000007bf700000,0x00000007bfb80000)
 ParOldGen       total 241152K, used 54104K [0x0000000700000000, 0x000000070eb80000, 0x00000007bc400000)
  object space 241152K, 22% used [0x0000000700000000,0x00000007034d6220,0x000000070eb80000)
 Metaspace       used 72205K, capacity 72885K, committed 73560K, reserved 1112064K
  class space    used 9831K, capacity 9981K, committed 10112K, reserved 1048576K
Event: 9914.011 GC heap after
Heap after GC invocations=473 (full 12):
 PSYoungGen      total 56832K, used 2682K [0x00000007bc400000, 0x00000007c0000000, 0x00000007c0000000)
  eden space 52224K, 0% used [0x00000007bc400000,0x00000007bc400000,0x00000007bf700000)
  from space 4608K, 58% used [0x00000007bf700000,0x00000007bf99ea28,0x00000007bfb80000)
  to   space 4608K, 0% used [0x00000007bfb80000,0x00000007bfb80000,0x00000007c0000000)
 ParOldGen       total 241152K, used 54104K [0x0000000700000000, 0x000000070eb80000, 0x00000007bc400000)
  object space 241152K, 22% used [0x0000000700000000,0x00000007034d6220,0x000000070eb80000)
 Metaspace       used 72205K, capacity 72885K, committed 73560K, reserved 1112064K
  class space    used 9831K, capacity 9981K, committed 10112K, reserved 1048576K
}

